Flow report for media_movel
Wed Nov 28 01:51:20 2018
Quartus II 64-Bit Version 13.0.1 Build 232 06/12/2013 Service Pack 1 SJ Web Edition


---------------------
; Table of Contents ;
---------------------
  1. Legal Notice
  2. Flow Summary
  3. Flow Settings
  4. Flow Non-Default Global Settings
  5. Flow Elapsed Time
  6. Flow OS Summary
  7. Flow Log
  8. Flow Messages
  9. Flow Suppressed Messages



----------------
; Legal Notice ;
----------------
Copyright (C) 1991-2013 Altera Corporation
Your use of Altera Corporation's design tools, logic functions 
and other software and tools, and its AMPP partner logic 
functions, and any output files from any of the foregoing 
(including device programming or simulation files), and any 
associated documentation or information are expressly subject 
to the terms and conditions of the Altera Program License 
Subscription Agreement, Altera MegaCore Function License 
Agreement, or other applicable license agreement, including, 
without limitation, that your use is for the sole purpose of 
programming logic devices manufactured by Altera and sold by 
Altera or its authorized distributors.  Please refer to the 
applicable agreement for further details.



+--------------------------------------------------------------------------------------+
; Flow Summary                                                                         ;
+------------------------------------+-------------------------------------------------+
; Flow Status                        ; Successful - Wed Nov 28 01:51:20 2018           ;
; Quartus II 64-Bit Version          ; 13.0.1 Build 232 06/12/2013 SP 1 SJ Web Edition ;
; Revision Name                      ; media_movel                                     ;
; Top-level Entity Name              ; media_movel2                                    ;
; Family                             ; Cyclone II                                      ;
; Device                             ; EP2C35F672C6                                    ;
; Timing Models                      ; Final                                           ;
; Total logic elements               ; 3,876 / 33,216 ( 12 % )                         ;
;     Total combinational functions  ; 3,558 / 33,216 ( 11 % )                         ;
;     Dedicated logic registers      ; 2,109 / 33,216 ( 6 % )                          ;
; Total registers                    ; 2109                                            ;
; Total pins                         ; 15 / 475 ( 3 % )                                ;
; Total virtual pins                 ; 0                                               ;
; Total memory bits                  ; 517 / 483,840 ( < 1 % )                         ;
; Embedded Multiplier 9-bit elements ; 21 / 70 ( 30 % )                                ;
; Total PLLs                         ; 0 / 4 ( 0 % )                                   ;
+------------------------------------+-------------------------------------------------+


+-----------------------------------------+
; Flow Settings                           ;
+-------------------+---------------------+
; Option            ; Setting             ;
+-------------------+---------------------+
; Start date & time ; 11/28/2018 01:49:38 ;
; Main task         ; Compilation         ;
; Revision Name     ; media_movel         ;
+-------------------+---------------------+


+-----------------------------------------------------------------------------------------------------------------------+
; Flow Non-Default Global Settings                                                                                      ;
+-------------------------------------+---------------------------------+---------------+--------------+----------------+
; Assignment Name                     ; Value                           ; Default Value ; Entity Name  ; Section Id     ;
+-------------------------------------+---------------------------------+---------------+--------------+----------------+
; COMPILER_SIGNATURE_ID               ; 241955388853496.154338057707220 ; --            ; --           ; --             ;
; EDA_OUTPUT_DATA_FORMAT              ; Verilog Hdl                     ; --            ; --           ; eda_simulation ;
; EDA_SIMULATION_TOOL                 ; ModelSim-Altera (Verilog)       ; <None>        ; --           ; --             ;
; EDA_TIME_SCALE                      ; 1 ps                            ; --            ; --           ; eda_simulation ;
; IP_TOOL_NAME                        ; ALTFP_CONVERT                   ; --            ; --           ; --             ;
; IP_TOOL_NAME                        ; LPM_CONSTANT                    ; --            ; --           ; --             ;
; IP_TOOL_NAME                        ; ALTFP_MULT                      ; --            ; --           ; --             ;
; IP_TOOL_NAME                        ; ALTFP_ADD_SUB                   ; --            ; --           ; --             ;
; IP_TOOL_NAME                        ; ALTFP_MULT                      ; --            ; --           ; --             ;
; IP_TOOL_NAME                        ; LPM_CONSTANT                    ; --            ; --           ; --             ;
; IP_TOOL_NAME                        ; LPM_COUNTER                     ; --            ; --           ; --             ;
; IP_TOOL_NAME                        ; ALTFP_CONVERT                   ; --            ; --           ; --             ;
; IP_TOOL_NAME                        ; ALTFP_MULT                      ; --            ; --           ; --             ;
; IP_TOOL_NAME                        ; LPM_CONSTANT                    ; --            ; --           ; --             ;
; IP_TOOL_NAME                        ; ALTFP_COMPARE                   ; --            ; --           ; --             ;
; IP_TOOL_NAME                        ; ALTFP_MULT                      ; --            ; --           ; --             ;
; IP_TOOL_NAME                        ; LPM_CONSTANT                    ; --            ; --           ; --             ;
; IP_TOOL_NAME                        ; LPM_CONSTANT                    ; --            ; --           ; --             ;
; IP_TOOL_NAME                        ; LPM_COUNTER                     ; --            ; --           ; --             ;
; IP_TOOL_NAME                        ; LPM_COUNTER                     ; --            ; --           ; --             ;
; IP_TOOL_NAME                        ; ALTFP_ADD_SUB                   ; --            ; --           ; --             ;
; IP_TOOL_NAME                        ; ALTFP_ADD_SUB                   ; --            ; --           ; --             ;
; IP_TOOL_NAME                        ; ALTFP_ADD_SUB                   ; --            ; --           ; --             ;
; IP_TOOL_NAME                        ; LPM_CONSTANT                    ; --            ; --           ; --             ;
; IP_TOOL_NAME                        ; LPM_COUNTER                     ; --            ; --           ; --             ;
; IP_TOOL_NAME                        ; ALTFP_ADD_SUB                   ; --            ; --           ; --             ;
; IP_TOOL_VERSION                     ; 13.0                            ; --            ; --           ; --             ;
; IP_TOOL_VERSION                     ; 13.0                            ; --            ; --           ; --             ;
; IP_TOOL_VERSION                     ; 13.0                            ; --            ; --           ; --             ;
; IP_TOOL_VERSION                     ; 13.0                            ; --            ; --           ; --             ;
; IP_TOOL_VERSION                     ; 13.0                            ; --            ; --           ; --             ;
; IP_TOOL_VERSION                     ; 13.0                            ; --            ; --           ; --             ;
; IP_TOOL_VERSION                     ; 13.0                            ; --            ; --           ; --             ;
; IP_TOOL_VERSION                     ; 13.0                            ; --            ; --           ; --             ;
; IP_TOOL_VERSION                     ; 13.0                            ; --            ; --           ; --             ;
; IP_TOOL_VERSION                     ; 13.0                            ; --            ; --           ; --             ;
; IP_TOOL_VERSION                     ; 13.0                            ; --            ; --           ; --             ;
; IP_TOOL_VERSION                     ; 13.0                            ; --            ; --           ; --             ;
; IP_TOOL_VERSION                     ; 13.0                            ; --            ; --           ; --             ;
; IP_TOOL_VERSION                     ; 13.0                            ; --            ; --           ; --             ;
; IP_TOOL_VERSION                     ; 13.0                            ; --            ; --           ; --             ;
; IP_TOOL_VERSION                     ; 13.0                            ; --            ; --           ; --             ;
; IP_TOOL_VERSION                     ; 13.0                            ; --            ; --           ; --             ;
; IP_TOOL_VERSION                     ; 13.0                            ; --            ; --           ; --             ;
; IP_TOOL_VERSION                     ; 13.0                            ; --            ; --           ; --             ;
; IP_TOOL_VERSION                     ; 13.0                            ; --            ; --           ; --             ;
; IP_TOOL_VERSION                     ; 13.0                            ; --            ; --           ; --             ;
; IP_TOOL_VERSION                     ; 13.0                            ; --            ; --           ; --             ;
; MAX_CORE_JUNCTION_TEMP              ; 85                              ; --            ; --           ; --             ;
; MIN_CORE_JUNCTION_TEMP              ; 0                               ; --            ; --           ; --             ;
; MISC_FILE                           ; conversor_entrada.bsf           ; --            ; --           ; --             ;
; MISC_FILE                           ; conversor_entrada_inst.vhd      ; --            ; --           ; --             ;
; MISC_FILE                           ; conversor_entrada.inc           ; --            ; --           ; --             ;
; MISC_FILE                           ; conversor_entrada.cmp           ; --            ; --           ; --             ;
; MISC_FILE                           ; cte_204dot6.bsf                 ; --            ; --           ; --             ;
; MISC_FILE                           ; cte_204dot6.cmp                 ; --            ; --           ; --             ;
; MISC_FILE                           ; normaliza5.bsf                  ; --            ; --           ; --             ;
; MISC_FILE                           ; normaliza5_inst.vhd             ; --            ; --           ; --             ;
; MISC_FILE                           ; normaliza5.inc                  ; --            ; --           ; --             ;
; MISC_FILE                           ; normaliza5.cmp                  ; --            ; --           ; --             ;
; MISC_FILE                           ; somador_media.bsf               ; --            ; --           ; --             ;
; MISC_FILE                           ; somador_media.cmp               ; --            ; --           ; --             ;
; MISC_FILE                           ; divisor_media.bsf               ; --            ; --           ; --             ;
; MISC_FILE                           ; divisor_media_inst.vhd          ; --            ; --           ; --             ;
; MISC_FILE                           ; divisor_media.inc               ; --            ; --           ; --             ;
; MISC_FILE                           ; divisor_media.cmp               ; --            ; --           ; --             ;
; MISC_FILE                           ; cte_1dot2.bsf                   ; --            ; --           ; --             ;
; MISC_FILE                           ; cte_1dot2.cmp                   ; --            ; --           ; --             ;
; MISC_FILE                           ; contadorPWM.bsf                 ; --            ; --           ; --             ;
; MISC_FILE                           ; contadorPWM.cmp                 ; --            ; --           ; --             ;
; MISC_FILE                           ; conversorPWM.bsf                ; --            ; --           ; --             ;
; MISC_FILE                           ; conversorPWM_inst.vhd           ; --            ; --           ; --             ;
; MISC_FILE                           ; conversorPWM.inc                ; --            ; --           ; --             ;
; MISC_FILE                           ; conversorPWM.cmp                ; --            ; --           ; --             ;
; MISC_FILE                           ; nomaliza1000.bsf                ; --            ; --           ; --             ;
; MISC_FILE                           ; nomaliza1000_inst.vhd           ; --            ; --           ; --             ;
; MISC_FILE                           ; nomaliza1000.inc                ; --            ; --           ; --             ;
; MISC_FILE                           ; nomaliza1000.cmp                ; --            ; --           ; --             ;
; MISC_FILE                           ; cte_1_204dot6.bsf               ; --            ; --           ; --             ;
; MISC_FILE                           ; cte_1_204dot6.cmp               ; --            ; --           ; --             ;
; MISC_FILE                           ; comparadorPWM.bsf               ; --            ; --           ; --             ;
; MISC_FILE                           ; comparadorPWM.cmp               ; --            ; --           ; --             ;
; MISC_FILE                           ; normaliza5PWM.bsf               ; --            ; --           ; --             ;
; MISC_FILE                           ; normaliza5PWM_inst.vhd          ; --            ; --           ; --             ;
; MISC_FILE                           ; normaliza5PWM.inc               ; --            ; --           ; --             ;
; MISC_FILE                           ; normaliza5PWM.cmp               ; --            ; --           ; --             ;
; MISC_FILE                           ; cte1_200.bsf                    ; --            ; --           ; --             ;
; MISC_FILE                           ; cte1_200.cmp                    ; --            ; --           ; --             ;
; MISC_FILE                           ; cte_200.bsf                     ; --            ; --           ; --             ;
; MISC_FILE                           ; cte_200.cmp                     ; --            ; --           ; --             ;
; MISC_FILE                           ; contadorInicio.bsf              ; --            ; --           ; --             ;
; MISC_FILE                           ; contadorInicio.cmp              ; --            ; --           ; --             ;
; MISC_FILE                           ; contador_soma.bsf               ; --            ; --           ; --             ;
; MISC_FILE                           ; contador_soma.cmp               ; --            ; --           ; --             ;
; MISC_FILE                           ; somador_soma1.bsf               ; --            ; --           ; --             ;
; MISC_FILE                           ; somador_soma1.cmp               ; --            ; --           ; --             ;
; MISC_FILE                           ; contador_soma3.bsf              ; --            ; --           ; --             ;
; MISC_FILE                           ; contador_soma3.cmp              ; --            ; --           ; --             ;
; MISC_FILE                           ; somador_soma4.bsf               ; --            ; --           ; --             ;
; MISC_FILE                           ; somador_soma4.cmp               ; --            ; --           ; --             ;
; MISC_FILE                           ; cte_1dot5.bsf                   ; --            ; --           ; --             ;
; MISC_FILE                           ; cte_1dot5.cmp                   ; --            ; --           ; --             ;
; MISC_FILE                           ; contadorInicio2.bsf             ; --            ; --           ; --             ;
; MISC_FILE                           ; contadorInicio2.cmp             ; --            ; --           ; --             ;
; MISC_FILE                           ; altfp_add_sub0.bsf              ; --            ; --           ; --             ;
; MISC_FILE                           ; altfp_add_sub0.cmp              ; --            ; --           ; --             ;
; PARTITION_COLOR                     ; 16764057                        ; --            ; media_movel2 ; Top            ;
; PARTITION_FITTER_PRESERVATION_LEVEL ; PLACEMENT_AND_ROUTING           ; --            ; media_movel2 ; Top            ;
; PARTITION_NETLIST_TYPE              ; SOURCE                          ; --            ; media_movel2 ; Top            ;
; PROJECT_OUTPUT_DIRECTORY            ; output_files                    ; --            ; --           ; --             ;
; TOP_LEVEL_ENTITY                    ; media_movel2                    ; media_movel   ; --           ; --             ;
+-------------------------------------+---------------------------------+---------------+--------------+----------------+


+-------------------------------------------------------------------------------------------------------------------------------+
; Flow Elapsed Time                                                                                                             ;
+---------------------------+--------------+-------------------------+---------------------+------------------------------------+
; Module Name               ; Elapsed Time ; Average Processors Used ; Peak Virtual Memory ; Total CPU Time (on all processors) ;
+---------------------------+--------------+-------------------------+---------------------+------------------------------------+
; Analysis & Synthesis      ; 00:00:35     ; 1.0                     ; 4772 MB             ; 00:00:30                           ;
; Fitter                    ; 00:00:43     ; 1.0                     ; 4954 MB             ; 00:00:43                           ;
; Assembler                 ; 00:00:03     ; 1.0                     ; 4596 MB             ; 00:00:03                           ;
; TimeQuest Timing Analyzer ; 00:00:03     ; 1.0                     ; 4614 MB             ; 00:00:03                           ;
; EDA Netlist Writer        ; 00:00:04     ; 1.0                     ; 4581 MB             ; 00:00:04                           ;
; Total                     ; 00:01:28     ; --                      ; --                  ; 00:01:23                           ;
+---------------------------+--------------+-------------------------+---------------------+------------------------------------+


+----------------------------------------------------------------------------------------+
; Flow OS Summary                                                                        ;
+---------------------------+------------------+-----------+------------+----------------+
; Module Name               ; Machine Hostname ; OS Name   ; OS Version ; Processor type ;
+---------------------------+------------------+-----------+------------+----------------+
; Analysis & Synthesis      ; DESKTOP-DT5MEJO  ; Windows 7 ; 6.2        ; x86_64         ;
; Fitter                    ; DESKTOP-DT5MEJO  ; Windows 7 ; 6.2        ; x86_64         ;
; Assembler                 ; DESKTOP-DT5MEJO  ; Windows 7 ; 6.2        ; x86_64         ;
; TimeQuest Timing Analyzer ; DESKTOP-DT5MEJO  ; Windows 7 ; 6.2        ; x86_64         ;
; EDA Netlist Writer        ; DESKTOP-DT5MEJO  ; Windows 7 ; 6.2        ; x86_64         ;
+---------------------------+------------------+-----------+------------+----------------+


------------
; Flow Log ;
------------
quartus_map --read_settings_files=on --write_settings_files=off media_movel -c media_movel
quartus_fit --read_settings_files=off --write_settings_files=off media_movel -c media_movel
quartus_asm --read_settings_files=off --write_settings_files=off media_movel -c media_movel
quartus_sta media_movel -c media_movel
quartus_eda --read_settings_files=off --write_settings_files=off media_movel -c media_movel



